[01:44:58] [main/INFO] ========================================
[01:44:58] [main/INFO] Minecraft: 1.19.2
[01:44:58] [main/INFO] Side: server
[01:44:58] [main/INFO] Development: false
[01:44:58] [main/INFO] Version: 9.1.682
[01:44:58] [main/INFO] Loader:
[01:44:58] [main/INFO] - Fabric: 0.16.10
[01:44:58] [main/INFO] - Fabric API: 0.77.0+1.19.2
[01:44:58] [main/INFO] Dependencies:
[01:44:58] [main/INFO] - Cloth Config: 8.2.88
[01:44:58] [main/INFO] - Architectury: 6.6.92
[01:44:58] [main/INFO] Mixin: 0.8.7
[01:44:58] [main/INFO] OS: Linux 6.11.3-arch1-1 (amd64)
[01:44:58] [main/INFO] Java: 21.0.5 (Eclipse Adoptium)
[01:44:58] [main/INFO] ========================================
[01:44:58] [main/INFO] Mods:
[01:44:58] [main/INFO] - ad_astra: 1.12.7
[01:44:58] [main/INFO] - ad_astra_giselle_addon: 1.18
[01:44:58] [main/INFO] - additionalentityattributes: 1.2.0+1.19.2
[01:44:58] [main/INFO] - advanced_reborn: 1.2.8
[01:44:58] [main/INFO] - advanced_runtime_resource_pack: 0.6.2
[01:44:58] [main/INFO] - advancedgenetics: 1.0.5
[01:44:58] [main/INFO] - ae2: 12.9.9
[01:44:58] [main/INFO] - alchemistry: 1.0.2
[01:44:58] [main/INFO] - almostunified: 1.19.2-0.8.1
[01:44:58] [main/INFO] - alternate-current: 1.7.0
[01:44:58] [main/INFO] - animated_guns: 1.2
[01:44:58] [main/INFO] - annotateddi: 4.0.2+1.19.2
[01:44:58] [main/INFO] - another_furniture: 1.19.2-2.1.4
[01:44:58] [main/INFO] - aopalliance_aopalliance: 1.0
[01:44:58] [main/INFO] - apoli: 2.6.1
[01:44:58] [main/INFO] - arachnids: 0.0.13
[01:44:58] [main/INFO] - arcanelanterns: 4.0.0
[01:44:58] [main/INFO] - architects_palette: 3.0.0
[01:44:58] [main/INFO] - architectury: 6.6.92
[01:44:58] [main/INFO] - armorful: 2.0.2+WWA_COMPAT
[01:44:58] [main/INFO] - arrowhead: 1.2.1-1.19.2
[01:44:58] [main/INFO] - artifacts: 7.1.1+fabric
[01:44:58] [main/INFO] - artis: 4.0.1+1.19.2
[01:44:58] [main/INFO] - attributefix: 17.2.8
[01:44:58] [main/INFO] - autotag: 2.0.0+1.19
[01:44:58] [main/INFO] - autotag-convention: 2.0.0+1.19
[01:44:58] [main/INFO] - avaritia: 0.0.4-1.19.X
[01:44:58] [main/INFO] - aylyth: 1.19.2-2.0.1
[01:44:58] [main/INFO] - azurelib: 1.0.41
[01:44:58] [main/INFO] - balm-fabric: 4.6.0
[01:44:58] [main/INFO] - bcc: 2.0.2-build.16+mc1.19.1
[01:44:58] [main/INFO] - bclib: 2.1.8
[01:44:58] [main/INFO] - besmirchment: 1.19.2-13
[01:44:58] [main/INFO] - betteranimalsplus: 1.19.2-11.0.10
[01:44:58] [main/INFO] - bettercombat: 1.7.1+1.19
[01:44:58] [main/INFO] - betterdeserttemples: 1.19.2-Fabric-2.2.2
[01:44:58] [main/INFO] - betterdungeons: 1.19.2-Fabric-3.2.1
[01:44:58] [main/INFO] - betterend: 2.1.7
[01:44:58] [main/INFO] - betterendisland: 1.19.2-Fabric-1.0
[01:44:58] [main/INFO] - betterfortresses: 1.19.2-Fabric-1.0.6
[01:44:58] [main/INFO] - betterjungletemples: 1.19.2-Fabric-1.0.1
[01:44:58] [main/INFO] - bettermineshafts: 1.19.2-Fabric-3.2.1
[01:44:58] [main/INFO] - betternether: 7.1.5
[01:44:58] [main/INFO] - betteroceanmonuments: 1.19.2-Fabric-2.1.1
[01:44:58] [main/INFO] - betterwitchhuts: 1.19.2-Fabric-2.1.0
[01:44:58] [main/INFO] - bewitchment: 1.19-8
[01:44:58] [main/INFO] - biomemakeover: 1.19.2-1.6.4
[01:44:58] [main/INFO] - blockskills: 1.5.3-SNAPSHOT
[01:44:58] [main/INFO] - blockswap: 2.0.0.1
[01:44:58] [main/INFO] - blue_endless_jankson: 1.2.1
[01:44:58] [main/INFO] - bookshelf: 16.3.20
[01:44:58] [main/INFO] - bosses_of_mass_destruction: 1.4.8-1.19.2
[01:44:58] [main/INFO] - botania: 1.19.2-440.2-FABRIC
[01:44:58] [main/INFO] - botarium: 1.9.2
[01:44:58] [main/INFO] - bountiful: 3.0.0
[01:44:58] [main/INFO] - bowinfinityfix: 2.5.0
[01:44:58] [main/INFO] - brutalbosses: 1.19.2-6.8
[01:44:58] [main/INFO] - bushierflowers: 0.0.1-1.19.2
[01:44:58] [main/INFO] - bwncr: 3.14.1
[01:44:58] [main/INFO] - bwplus: 1.19-11
[01:44:58] [main/INFO] - byg: 2.0.1.6
[01:44:58] [main/INFO] - bygonenether: 1.3.2
[01:44:58] [main/INFO] - c2me: 0.2.0+alpha.9.11
[01:44:58] [main/INFO] - c2me-base: 0.2.0+alpha.9.11
[01:44:58] [main/INFO] - c2me-fixes-chunkio-threading-issues: 0.2.0+alpha.9.11
[01:44:58] [main/INFO] - c2me-fixes-general-threading-issues: 0.2.0+alpha.9.11
[01:44:58] [main/INFO] - c2me-fixes-worldgen-threading-issues: 0.2.0+alpha.9.11
[01:44:58] [main/INFO] - c2me-fixes-worldgen-vanilla-bugs: 0.2.0+alpha.9.11
[01:44:58] [main/INFO] - c2me-notickvd: 0.2.0+alpha.9.11
[01:44:58] [main/INFO] - c2me-opts-allocs: 0.2.0+alpha.9.11
[01:44:58] [main/INFO] - c2me-opts-chunk-access: 0.2.0+alpha.9.11
[01:44:58] [main/INFO] - c2me-opts-chunkio: 0.2.0+alpha.9.11
[01:44:58] [main/INFO] - c2me-opts-math: 0.2.0+alpha.9.11
[01:44:58] [main/INFO] - c2me-opts-scheduling: 0.2.0+alpha.9.11
[01:44:58] [main/INFO] - c2me-opts-worldgen-general: 0.2.0+alpha.9.11
[01:44:58] [main/INFO] - c2me-opts-worldgen-vanilla: 0.2.0+alpha.9.11
[01:44:58] [main/INFO] - c2me-rewrites-chunkio: 0.2.0+alpha.9.11
[01:44:58] [main/INFO] - c2me-server-utils: 0.2.0+alpha.9.11
[01:44:58] [main/INFO] - c2me-threading-chunkio: 0.2.0+alpha.9.11
[01:44:58] [main/INFO] - c2me-threading-lighting: 0.2.0+alpha.9.11
[01:44:58] [main/INFO] - c2me-threading-scheduling: 0.2.0+alpha.9.11
[01:44:58] [main/INFO] - c2me-threading-worldgen: 0.2.0+alpha.9.11
[01:44:58] [main/INFO] - calio: 1.7.0
[01:44:58] [main/INFO] - cardinal-components: 5.0.2
[01:44:58] [main/INFO] - cardinal-components-base: 5.0.2
[01:44:58] [main/INFO] - cardinal-components-block: 5.0.2
[01:44:58] [main/INFO] - cardinal-components-chunk: 5.0.2
[01:44:58] [main/INFO] - cardinal-components-entity: 5.0.2
[01:44:58] [main/INFO] - cardinal-components-item: 5.0.2
[01:44:58] [main/INFO] - cardinal-components-level: 5.0.2
[01:44:58] [main/INFO] - cardinal-components-scoreboard: 5.0.2
[01:44:58] [main/INFO] - cardinal-components-world: 5.0.2
[01:44:58] [main/INFO] - catwalksinc: 1.3.1
[01:44:58] [main/INFO] - cave_enhancements: 1.19.2-2.1.12-fabric
[01:44:58] [main/INFO] - cavedust: 1.2.0
[01:44:58] [main/INFO] - caveore: 1.19-2.4
[01:44:58] [main/INFO] - caveoverhaul: fabric-1.19.2-1.2.3
[01:44:58] [main/INFO] - cavespiderspawn: 1.1
[01:44:58] [main/INFO] - cc_vs: 1.19.2-fabric-0.0.8
[01:44:58] [main/INFO] - cccbridge: v1.5.1-fabric
[01:44:58] [main/INFO] - chassis: 1.2.3
[01:44:58] [main/INFO] - chemlib: 1.0.1
[01:44:58] [main/INFO] - chisel: 1.4.5
[01:44:58] [main/INFO] - chunkloaders: 1.2.8+a
[01:44:58] [main/INFO] - chunky: 1.3.38
[01:44:58] [main/INFO] - cinderscapes: 3.0.7
[01:44:58] [main/INFO] - cinderscapes-common: 3.0.7
[01:44:58] [main/INFO] - cinderscapes-worldgen: 3.0.7
[01:44:58] [main/INFO] - cleancut: 6.0
[01:44:58] [main/INFO] - cloth-basic-math: 0.6.1
[01:44:58] [main/INFO] - cloth-config: 8.2.88
[01:44:58] [main/INFO] - cloth-config: 8.2.88
[01:44:58] [main/INFO] - clumps: 9.0.0+14
[01:44:58] [main/INFO] - collective: 7.39
[01:44:58] [main/INFO] - com_electronwill_night-config_core: 3.6.6
[01:44:58] [main/INFO] - com_electronwill_night-config_toml: 3.6.6
[01:44:58] [main/INFO] - com_eliotlash_mclib_mclib: 20
[01:44:58] [main/INFO] - com_fasterxml_jackson_core_jackson-annotations: 2.17.0
[01:44:58] [main/INFO] - com_fasterxml_jackson_core_jackson-core: 2.17.0
[01:44:58] [main/INFO] - com_fasterxml_jackson_core_jackson-databind: 2.17.0
[01:44:58] [main/INFO] - com_flowpowered_flow-math: 1.0.3
[01:44:58] [main/INFO] - com_github_dimensionaldevelopment_poly2tri_java: 0.1.1
[01:44:58] [main/INFO] - com_github_zsoltmolnarrr_tinyconfig: 2.3.2
[01:44:58] [main/INFO] - com_google_code_findbugs_jsr305: 3.0.2
[01:44:58] [main/INFO] - com_google_inject_guice: 5.1.0
[01:44:58] [main/INFO] - com_ibm_async_asyncutil: 0.1.0
[01:44:58] [main/INFO] - combatroll: 1.1.5+1.19
[01:44:58] [main/INFO] - comforts: 6.0.7+1.19.2
[01:44:58] [main/INFO] - common-protection-api: 1.0.0
[01:44:58] [main/INFO] - compressor: 0.3.2
[01:44:58] [main/INFO] - computercraft: 1.101.2
[01:44:58] [main/INFO] - configured: 2.0.0
[01:44:58] [main/INFO] - corgilib: 1.0.0.34
[01:44:58] [main/INFO] - coroutil: 1.19.2-1.3.6
[01:44:58] [main/INFO] - cosmetic-armor: 1.4.2
[01:44:58] [main/INFO] - craftingtweaks: 15.1.9
[01:44:58] [main/INFO] - create: 0.5.1-f-build.1416+mc1.19.2
[01:44:58] [main/INFO] - create_jetpack: 3.5.0
[01:44:58] [main/INFO] - create_new_age: 1.0.1
[01:44:58] [main/INFO] - create_so: 1.5+fabric-1.19.2
[01:44:58] [main/INFO] - createaddition: 1.2.3
[01:44:58] [main/INFO] - createbigcannons: 0.5.4-nightly-ffa2fd3
[01:44:58] [main/INFO] - createdeco: 1.3.3-1.19.2
[01:44:58] [main/INFO] - creativecore: 2.9.3
[01:44:58] [main/INFO] - creeperoverhaul: 2.0.9
[01:44:58] [main/INFO] - crittersandcompanions: 1.19.2-2.0.2
[01:44:58] [main/INFO] - crowdin-translate: 1.4+1.19
[01:44:58] [main/INFO] - ctov: 3.2.6c
[01:44:58] [main/INFO] - ctov_bountifulcompat_mr: 1.0
[01:44:58] [main/INFO] - cupboard: 1.19.2-2.6
[01:44:58] [main/INFO] - custommachinery: 0.9.21
[01:44:58] [main/INFO] - custommachinerybotania: 1.0.0
[01:44:58] [main/INFO] - custommachinerycreate: 1.1.3
[01:44:58] [main/INFO] - customportalapi: 0.0.1-beta63-1.19.X
[01:44:58] [main/INFO] - cyanide: 3.0.1
[01:44:58] [main/INFO] - darkwaters: 0.0.18
[01:44:58] [main/INFO] - dawn: 3.5.0
[01:44:58] [main/INFO] - de_poiu_apron_apron: 2.1.1
[01:44:58] [main/INFO] - debugify: 2.8.0
[01:44:58] [main/INFO] - decorative_blocks: 3.0.0
[01:44:58] [main/INFO] - deeperdarker: 1.2.5
[01:44:58] [main/INFO] - delightfulcreators: 1.1.7
[01:44:58] [main/INFO] - dev_booky_common_: 1.4.2+bf1fc22
[01:44:58] [main/INFO] - diagonalfences: 4.2.6
[01:44:58] [main/INFO] - diet: 2.0.1+1.19.2
[01:44:58] [main/INFO] - dimdoors: 5.0.3
[01:44:58] [main/INFO] - disable-villagers: 1.3
[01:44:58] [main/INFO] - dm: 1.0.2-beta-1.19.2
[01:44:58] [main/INFO] - dml-refabricated: 0.5.12-BETA+1.19.2
[01:44:58] [main/INFO] - dml-refabricated-base: 0.5.12-BETA+1.19.2
[01:44:58] [main/INFO] - dml-refabricated-modular-armor: 0.5.12-BETA+1.19.2
[01:44:58] [main/INFO] - dmlsimulacrum: 0.5.12-BETA+1.19.2
[01:44:58] [main/INFO] - doom: 5.0.6
[01:44:58] [main/INFO] - doubledoors: 5.4
[01:44:58] [main/INFO] - dripstone_fluid_lib: 2.0.1
[01:44:58] [main/INFO] - ducky-periphs: 1.19.2-1.2.4
[01:44:58] [main/INFO] - dungeons_andtaverns_mr: 2.0.2
[01:44:58] [main/INFO] - dusk: 1.19.2-3.3
[01:44:58] [main/INFO] - dynamic_progression_and_difficulty: 5.2.0
[01:44:58] [main/INFO] - ecologics: 2.1.11
[01:44:58] [main/INFO] - eldritch_mobs: 1.13.2
[01:44:58] [main/INFO] - emotecraft: 2.2.7-b.build.50
[01:44:58] [main/INFO] - enderchests: 1.1.7
[01:44:58] [main/INFO] - endermanoverhaul: 0.0.0
[01:44:58] [main/INFO] - enderzoology: 4.0.1
[01:44:58] [main/INFO] - endrem: 5.2.0
[01:44:58] [main/INFO] - enhancedcelestials: 2.1.0.6
[01:44:58] [main/INFO] - enhancedworkbenches: 1.0-BETA+1.19.2
[01:44:58] [main/INFO] - entitycollisionfpsfix: 2.0.0.0
[01:44:58] [main/INFO] - error_notifier: 1.0.9
[01:44:58] [main/INFO] - everycomp: 1.19.2-2.5.19
[01:44:58] [main/INFO] - expandability: 6.0.0
[01:44:58] [main/INFO] - explorify: v1.4.0
[01:44:58] [main/INFO] - extended_drawers: 1.4.5+mc.1.19.2
[01:44:58] [main/INFO] - fabric-api: 0.77.0+1.19.2
[01:44:58] [main/INFO] - fabric-api: 0.77.0+1.19.2
[01:44:58] [main/INFO] - fabric-api-base: 0.4.15+8f4e8eb390
[01:44:58] [main/INFO] - fabric-api-lookup-api-v1: 1.6.14+93d8cb8290
[01:44:58] [main/INFO] - fabric-biome-api-v1: 9.1.1+16f1e31390
[01:44:58] [main/INFO] - fabric-block-api-v1: 1.0.2+e415d50e90
[01:44:58] [main/INFO] - fabric-command-api-v1: 1.2.16+f71b366f90
[01:44:58] [main/INFO] - fabric-command-api-v2: 2.2.1+413cbbc790
[01:44:58] [main/INFO] - fabric-commands-v0: 0.2.33+df3654b390
[01:44:58] [main/INFO] - fabric-containers-v0: 0.1.42+df3654b390
[01:44:58] [main/INFO] - fabric-content-registries-v0: 3.5.2+7c6cd14d90
[01:44:58] [main/INFO] - fabric-convention-tags-v1: 1.3.0+4bc6e26290
[01:44:58] [main/INFO] - fabric-crash-report-info-v1: 0.2.8+aeb40ebe90
[01:44:58] [main/INFO] - fabric-data-generation-api-v1: 5.3.9+413cbbc790
[01:44:58] [main/INFO] - fabric-dimensions-v1: 2.1.35+0d0f210290
[01:44:58] [main/INFO] - fabric-entity-events-v1: 1.5.4+9244241690
[01:44:58] [main/INFO] - fabric-events-interaction-v0: 0.4.34+562bff6e90
[01:44:58] [main/INFO] - fabric-events-lifecycle-v0: 0.2.36+df3654b390
[01:44:58] [main/INFO] - fabric-game-rule-api-v1: 1.0.24+b6b6abb490
[01:44:58] [main/INFO] - fabric-item-api-v1: 1.6.6+b7d1888890
[01:44:58] [main/INFO] - fabric-item-groups-v0: 0.3.39+9244241690
[01:44:58] [main/INFO] - fabric-language-kotlin: 1.10.19+kotlin.1.9.23
[01:44:58] [main/INFO] - fabric-lifecycle-events-v1: 2.2.4+1b46dc7890
[01:44:58] [main/INFO] - fabric-loot-api-v2: 1.1.13+83a8659290
[01:44:58] [main/INFO] - fabric-loot-tables-v1: 1.1.16+9e7660c690
[01:44:58] [main/INFO] - fabric-message-api-v1: 5.0.7+93d8cb8290
[01:44:58] [main/INFO] - fabric-mining-level-api-v1: 2.1.24+33fbc73890
[01:44:58] [main/INFO] - fabric-networking-api-v1: 1.2.12+def3f86d90
[01:44:58] [main/INFO] - fabric-networking-v0: 0.3.29+df3654b390
[01:44:58] [main/INFO] - fabric-object-builder-api-v1: 4.2.2+d8ef690890
[01:44:58] [main/INFO] - fabric-particles-v1: 1.1.0+ee641e7390
[01:44:58] [main/INFO] - fabric-permissions-api-v0: 0.2-SNAPSHOT
[01:44:58] [main/INFO] - fabric-recipe-api-v1: 1.0.2+413cbbc790
[01:44:58] [main/INFO] - fabric-registry-sync-v0: 0.9.33+9244241690
[01:44:58] [main/INFO] - fabric-rendering-data-attachment-v1: 0.3.19+6e0787e690
[01:44:58] [main/INFO] - fabric-rendering-fluids-v1: 3.0.11+4d0d570390
[01:44:58] [main/INFO] - fabric-resource-conditions-api-v1: 2.1.2+aae9039d90
[01:44:58] [main/INFO] - fabric-resource-loader-v0: 0.8.4+edbdcddb90
[01:44:58] [main/INFO] - fabric-screen-handler-api-v1: 1.3.8+1cc24b1b90
[01:44:58] [main/INFO] - fabric-transfer-api-v1: 2.1.6+413cbbc790
[01:44:58] [main/INFO] - fabric-transitive-access-wideners-v1: 1.3.3+08b73de490
[01:44:58] [main/INFO] - fabricloader: 0.16.10
[01:44:58] [main/INFO] - factory_blocks: 1.0.1+1.19
[01:44:58] [main/INFO] - fake-player-api: 0.5.0
[01:44:58] [main/INFO] - fallenwizardsmod: 0.0.5-1.19.2
[01:44:58] [main/INFO] - fallingtrees: 0.11
[01:44:58] [main/INFO] - farmersdelight: 1.19.2-1.3.10.2
[01:44:58] [main/INFO] - farmersknives: 2.4.1
[01:44:58] [main/INFO] - farmersrespite: 2.2.5
[01:44:58] [main/INFO] - farsight: 1.19.2-3.5
[01:44:58] [main/INFO] - farsighted-mobs: 1.1-1.18-1.19
[01:44:58] [main/INFO] - ferritecore: 5.0.3
[01:44:58] [main/INFO] - fiber: 0.23.0-2
[01:44:58] [main/INFO] - fireplacelib: 7.0.3+1.19.2
[01:44:58] [main/INFO] - flightlib: 1.2.0
[01:44:58] [main/INFO] - flowermimics: 1.7
[01:44:58] [main/INFO] - fluidskills: 1.0.1
[01:44:58] [main/INFO] - forge_tags: 3.0
[01:44:58] [main/INFO] - forgeconfigapiport: 4.2.11
[01:44:58] [main/INFO] - forgottengraves: 1.19.2-3.2.2
[01:44:58] [main/INFO] - fractal: 1.0.0
[01:44:58] [main/INFO] - friendsandfoes: 2.0.10
[01:44:58] [main/INFO] - frycmobvariants: 1.2.2+1.19.2
[01:44:58] [main/INFO] - ftblibrary: 1902.4.1-build.236
[01:44:58] [main/INFO] - ftbquests: 1902.5.9-build.399
[01:44:58] [main/INFO] - ftbteams: 1902.2.14-build.123
[01:44:58] [main/INFO] - ftbxmodcompat: 1.2.4
[01:44:58] [main/INFO] - fulleng: 1.7.1-1.19.2
[01:44:58] [main/INFO] - fusion: 1.1.1
[01:44:58] [main/INFO] - galosphere: 1.19.2-1.3.0
[01:44:58] [main/INFO] - geckolib3: 3.1.40
[01:44:58] [main/INFO] - geophilic: 1.19-2.0.0c
[01:44:58] [main/INFO] - gigeresque: 0.5.31
[01:44:58] [main/INFO] - globaldataandresourcepacks: 1.14.5_fabric
[01:44:58] [main/INFO] - goblintraders: 1.8.1
[01:44:58] [main/INFO] - gottagofast: 1.1.0+1.19.2
[01:44:58] [main/INFO] - graphlib: 0.3.6+1.19.2
[01:44:58] [main/INFO] - grapplemod: 1.8+1.19.2
[01:44:58] [main/INFO] - graveyard: 2.3.3
[01:44:58] [main/INFO] - graveyard_biomes: 1.6
[01:44:58] [main/INFO] - gud_recipe_confidence: 1.0.2
[01:44:58] [main/INFO] - haema: 1.10.4+1.19
[01:44:58] [main/INFO] - handcrafted: 2.0.6
[01:44:58] [main/INFO] - hangglider: 4.0.0
[01:44:58] [main/INFO] - heartytrinkets: 1.19-1.0.0
[01:44:58] [main/INFO] - hexal: 0.2.19
[01:44:58] [main/INFO] - hexcasting: 0.10.3
[01:44:58] [main/INFO] - hexgloop: 1.19.2-0.2.0
[01:44:58] [main/INFO] - hexlink: 2.3.3
[01:44:58] [main/INFO] - hexshield: 1.0.8
[01:44:58] [main/INFO] - huskspawn: 3.5
[01:44:58] [main/INFO] - hwg: 1.4.10
[01:44:58] [main/INFO] - i2jsp: 1.2-1.19.2
[01:44:58] [main/INFO] - iceberg: 1.0.46
[01:44:58] [main/INFO] - icl: 1.5.1-1.19.2
[01:44:58] [main/INFO] - impersonate: 2.8.0
[01:44:58] [main/INFO] - incubus_core: 1.9.4
[01:44:58] [main/INFO] - integrated_api: 1.2.7+1.19.2
[01:44:58] [main/INFO] - integrated_stronghold: 1.0.2+1.19.2
[01:44:58] [main/INFO] - io_netty_netty-codec-http: 4.1.77.Final
[01:44:58] [main/INFO] - itemfilters: 1902.2.9-build.51
[01:44:58] [main/INFO] - itemphysic: 1.6.6
[01:44:58] [main/INFO] - itemskills: 1.19.2-1.2.10
[01:44:58] [main/INFO] - jade: 8.7.3
[01:44:58] [main/INFO] - jamlib: 0.6.1+1.19-1.19.2
[01:44:58] [main/INFO] - jankson: 4.1.1+j1.2.1
[01:44:58] [main/INFO] - java: 21
[01:44:58] [main/INFO] - javax_inject_javax_inject: 1
[01:44:58] [main/INFO] - jewelry: 1.1.0+1.19.2
[01:44:58] [main/INFO] - jmi: 0.13-44
[01:44:58] [main/INFO] - journeymap: 5.9.7p1
[01:44:58] [main/INFO] - journeymap-api-fabric: 1.19.1-1.9-fabric-SNAPSHOT
[01:44:58] [main/INFO] - kambrik: 4.0-1.19.2
[01:44:58] [main/INFO] - kanos_config: 0.4.1+1.14.4-1.19.4
[01:44:58] [main/INFO] - kirin: 1.11.1-beta.1
[01:44:58] [main/INFO] - kleeslabs: 12.3.0
[01:44:58] [main/INFO] - konkrete: 1.8.0
[01:44:58] [main/INFO] - ktdatataglib: 1.6.6
[01:44:58] [main/INFO] - kubejs: 1902.6.2-build.63
[01:44:58] [main/INFO] - kubejs_botania: 1.3.1
[01:44:58] [main/INFO] - kubejs_create: 1902.2.4-build.46
[01:44:58] [main/INFO] - kubejsadditions: 3.2.2
[01:44:58] [main/INFO] - lib39-core: 1.5.0-pre2+1.19.2
[01:44:58] [main/INFO] - lib39-phantom: 1.5.0-pre2+1.19.2
[01:44:58] [main/INFO] - libblockattributes_core: 0.11.1
[01:44:58] [main/INFO] - libgui: 6.4.0+1.19
[01:44:58] [main/INFO] - libmultipart: 0.8.2
[01:44:58] [main/INFO] - libmultipart_compat: 0.8.2
[01:44:58] [main/INFO] - libmultipart_deps_container: 0.8.2
[01:44:58] [main/INFO] - libnetworkstack: 0.7.1
[01:44:58] [main/INFO] - libninepatch: 1.1.0
[01:44:58] [main/INFO] - libz: 1.0.0
[01:44:58] [main/INFO] - lightestlamp: 3.0.0f
[01:44:58] [main/INFO] - limitedchunks: 1.19.2-3.8
[01:44:58] [main/INFO] - liquidburner: 1.19.2-0.5.1
[01:44:58] [main/INFO] - lithium: 0.11.1
[01:44:58] [main/INFO] - lmp-compat: 0.2.3+1.19.2
[01:44:58] [main/INFO] - logprot: 1.19-2.0
[01:44:58] [main/INFO] - lootjs: 2.9.1
[01:44:58] [main/INFO] - lootr: 0.4.28.69
[01:44:58] [main/INFO] - maelstrom_library: 1.3.1-1.19.2
[01:44:58] [main/INFO] - magicalforest: 2.1.0
[01:44:58] [main/INFO] - magna: 1.8.0-1.19
[01:44:58] [main/INFO] - majruszlibrary: 7.0.5-backport.1
[01:44:58] [main/INFO] - majruszsaccessories: 1.5.2-backport.2
[01:44:58] [main/INFO] - majruszsdifficulty: 1.9.9-backport.1
[01:44:58] [main/INFO] - majruszsenchantments: 1.10.7-backport.1
[01:44:58] [main/INFO] - matrix: 1.0.0
[01:44:58] [main/INFO] - mchalo: 1.1.8
[01:44:58] [main/INFO] - mconfig: 1.2.0+mc.1.19-rc1
[01:44:58] [main/INFO] - mcpitanlib: 2.2.4-1.19.2-fabric
[01:44:58] [main/INFO] - me_lucko_spark-api: 0.1-SNAPSHOT
[01:44:58] [main/INFO] - megacells: 2.0.4-1.19.2
[01:44:58] [main/INFO] - melody: 1.0.1
[01:44:58] [main/INFO] - mes: 1.3-1.19.2-fabric
[01:44:58] [main/INFO] - mi_sound_addon: 1.0.2-1.19.2
[01:44:58] [main/INFO] - midnightlib: 1.0.0
[01:44:58] [main/INFO] - milk: 1.0.51
[01:44:58] [main/INFO] - minecells: 1.5.8
[01:44:58] [main/INFO] - minecraft: 1.19.2
[01:44:58] [main/INFO] - miskatonicmysteries: 0.1.10-SNAPSHOT
[01:44:58] [main/INFO] - mixin-conflict-helper: 1.2.0
[01:44:58] [main/INFO] - mixinextras: 0.4.1
[01:44:58] [main/INFO] - mixintrace: 1.1.1+1.17
[01:44:58] [main/INFO] - mm: 2.3
[01:44:58] [main/INFO] - mns: 1.0.0-1.19.2-fabric
[01:44:58] [main/INFO] - mobcaptains: 3.2.1
[01:44:58] [main/INFO] - mobsonrails: 1.0.1
[01:44:58] [main/INFO] - mobtimizations: 1.19.2-1.0.0
[01:44:58] [main/INFO] - modern_industrialization: 1.6.19
[01:44:58] [main/INFO] - modernfix: 5.18.0+mc1.19.2
[01:44:58] [main/INFO] - moonlight: 1.19.2-2.3.6
[01:44:58] [main/INFO] - morewizardsmod: 0.0.7-1.19.2
[01:44:58] [main/INFO] - mr_better_lushcaves: 1.1
[01:44:58] [main/INFO] - mr_ctov_bygcompat: 1.0
[01:44:58] [main/INFO] - mr_ctov_farmersdelightcompat: 2.1
[01:44:58] [main/INFO] - mr_ctov_wizardscompat: 2.1
[01:44:58] [main/INFO] - mtmechs: 1.0.14
[01:44:58] [main/INFO] - multipart_entities: 1.2-1.19-pre1
[01:44:58] [main/INFO] - mutantmonsters: 4.0.6
[01:44:58] [main/INFO] - mvs: 4.1.1-1.19.2-fabric
[01:44:58] [main/INFO] - myron-neepmeat: 1.6.3+1.19.2
[01:44:58] [main/INFO] - neepmeat: 0.3.0-beta+1.19.2
[01:44:58] [main/INFO] - neruina: 2.0.0-beta.10
[01:44:58] [main/INFO] - net_fabricmc_mapping-io: 0.3.0
[01:44:58] [main/INFO] - net_objecthunter_exp4j: 0.4.8
[01:44:58] [main/INFO] - netherchested: 4.0.4
[01:44:58] [main/INFO] - nethersdelight: 1.0.1
[01:44:58] [main/INFO] - njb: 1.0.1
[01:44:58] [main/INFO] - nochatreports: 1.19.2-v1.13.12
[01:44:58] [main/INFO] - nox: 2.0.0
[01:44:58] [main/INFO] - observable: 3.3.1
[01:44:58] [main/INFO] - omega-config: 1.2.3-1.18.1
[01:44:58] [main/INFO] - oneironaut: 0.3.4
[01:44:58] [main/INFO] - openblocks: 0.0.2-1.19.X
[01:44:58] [main/INFO] - org_apache_commons_commons-collections4: 4.5.0-M1
[01:44:58] [main/INFO] - org_apache_maven_maven-artifact: 3.8.1
[01:44:58] [main/INFO] - org_javassist_javassist: 3.28.0-GA
[01:44:58] [main/INFO] - org_jblas_jblas: 1.2.5
[01:44:58] [main/INFO] - org_jctools_jctools-core: 4.0.1
[01:44:58] [main/INFO] - org_jetbrains_kotlin_kotlin-reflect: 1.9.23
[01:44:58] [main/INFO] - org_jetbrains_kotlin_kotlin-stdlib: 1.9.23
[01:44:58] [main/INFO] - org_jetbrains_kotlin_kotlin-stdlib-jdk7: 1.9.23
[01:44:58] [main/INFO] - org_jetbrains_kotlin_kotlin-stdlib-jdk8: 1.9.23
[01:44:58] [main/INFO] - org_jetbrains_kotlinx_atomicfu-jvm: 0.23.2
[01:44:58] [main/INFO] - org_jetbrains_kotlinx_kotlinx-coroutines-core-jvm: 1.8.0
[01:44:58] [main/INFO] - org_jetbrains_kotlinx_kotlinx-coroutines-jdk8: 1.8.0
[01:44:58] [main/INFO] - org_jetbrains_kotlinx_kotlinx-datetime-jvm: 0.5.0
[01:44:58] [main/INFO] - org_jetbrains_kotlinx_kotlinx-serialization-cbor-jvm: 1.6.3
[01:44:58] [main/INFO] - org_jetbrains_kotlinx_kotlinx-serialization-core-jvm: 1.6.3
[01:44:58] [main/INFO] - org_jetbrains_kotlinx_kotlinx-serialization-json-jvm: 1.6.3
[01:44:58] [main/INFO] - org_jgrapht_jgrapht-core: 1.5.1
[01:44:58] [main/INFO] - org_jheaps_jheaps: 0.13
[01:44:58] [main/INFO] - org_joml_joml: 1.10.5
[01:44:58] [main/INFO] - org_kohsuke_github-api: 1.318
[01:44:58] [main/INFO] - org_reflections_reflections: 0.10.2
[01:44:58] [main/INFO] - org_squiddev_cobalt: 0.5.5
[01:44:58] [main/INFO] - org_threadly_threadly: 7.0
[01:44:58] [main/INFO] - org_yaml_snakeyaml: 2.0
[01:44:58] [main/INFO] - origins: 1.7.1
[01:44:58] [main/INFO] - orpheus: 1.0-1.19.2
[01:44:58] [main/INFO] - owo: 0.9.3+1.19
[01:44:58] [main/INFO] - packet_tweaker: 0.3.0+1.18.2
[01:44:58] [main/INFO] - packetfixer: 1.4.2
[01:44:58] [main/INFO] - pandalib: 0.2
[01:44:58] [main/INFO] - paradise_lost: 2.1.0-beta+1.19.2
[01:44:58] [main/INFO] - patchouli: 1.19.2-77-FABRIC
[01:44:58] [main/INFO] - paucal: 0.5.0
[01:44:58] [main/INFO] - pehkui: 3.7.12+1.14.4-1.20.4
[01:44:58] [main/INFO] - peripheralium: 0.4.23
[01:44:58] [main/INFO] - peripheralworks: 0.2.12
[01:44:58] [main/INFO] - philipsruins: 1.19.2
[01:44:58] [main/INFO] - placeholder-api: 2.0.0-pre.1+1.19.2
[01:44:58] [main/INFO] - player-animator: 1.0.2
[01:44:58] [main/INFO] - playerabilitylib: 1.6.0
[01:44:58] [main/INFO] - playerskills: 1.19.2-1.12.3
[01:44:58] [main/INFO] - polyeng: 0.1.1-1.19.2
[01:44:58] [main/INFO] - polymer: 0.2.28+1.19.2
[01:44:58] [main/INFO] - polymer-blocks-ext: 0.1.0-alpha.9+1.19.2
[01:44:58] [main/INFO] - polymer-registry-sync-manipulator: 0.0.3+1.19.2
[01:44:58] [main/INFO] - polymorph: 0.46.6+1.19.2
[01:44:58] [main/INFO] - ponderjs: 1.2.0
[01:44:58] [main/INFO] - porting_lib: 2.1.1065+1.19.2
[01:44:58] [main/INFO] - porting_lib_accessors: 2.1.1305+1.19.2
[01:44:58] [main/INFO] - porting_lib_attributes: 2.1.1305+1.19.2
[01:44:58] [main/INFO] - porting_lib_base: 2.1.1305+1.19.2
[01:44:58] [main/INFO] - porting_lib_common: 2.1.1305+1.19.2
[01:44:58] [main/INFO] - porting_lib_constants: 2.1.1305+1.19.2
[01:44:58] [main/INFO] - porting_lib_entity: 2.1.1305+1.19.2
[01:44:58] [main/INFO] - porting_lib_extensions: 2.1.1305+1.19.2
[01:44:58] [main/INFO] - porting_lib_fake_players: 2.1.1305+1.19.2
[01:44:58] [main/INFO] - porting_lib_lazy_registration: 2.1.1305+1.19.2
[01:44:58] [main/INFO] - porting_lib_loot: 2.1.1305+1.19.2
[01:44:58] [main/INFO] - porting_lib_model_generators: 2.1.1305+1.19.2
[01:44:58] [main/INFO] - porting_lib_model_loader: 2.1.1305+1.19.2
[01:44:58] [main/INFO] - porting_lib_models: 2.1.1305+1.19.2
[01:44:58] [main/INFO] - porting_lib_networking: 2.1.1305+1.19.2
[01:44:58] [main/INFO] - porting_lib_obj_loader: 2.1.1305+1.19.2
[01:44:58] [main/INFO] - porting_lib_transfer: 2.1.1305+1.19.2
[01:44:58] [main/INFO] - powah: 4.0.11
[01:44:58] [main/INFO] - primitive_multipart_entities: 1.1.1
[01:44:58] [main/INFO] - probablychests: 0.5.5-1.19.2
[01:44:58] [main/INFO] - projectile_damage: 3.2.1+1.19
[01:44:58] [main/INFO] - promenade: 2.7.1
[01:44:58] [main/INFO] - puzzleslib: 4.4.3
[01:44:58] [main/INFO] - quickbench: 4.0.1+mc.1.19.2
[01:44:58] [main/INFO] - randommobeffects: 3.3
[01:44:58] [main/INFO] - reach-entity-attributes: 2.3.0
[01:44:58] [main/INFO] - reaper: 1.0.5
[01:44:58] [main/INFO] - reborncore: 5.4.0
[01:44:58] [main/INFO] - rechiseled: 1.1.5+b
[01:44:58] [main/INFO] - rechiseledcreate: 1.0.2
[01:44:58] [main/INFO] - recipeessentials: 1.19.2-3.2
[01:44:58] [main/INFO] - regions_unexplored: 0.4.1+1.19.2
[01:44:58] [main/INFO] - registrate-fabric: 1.1.58-MC1.19.2
[01:44:58] [main/INFO] - regrowth: 31.1.0
[01:44:58] [main/INFO] - repurposed_structures: 6.3.28+1.19.2
[01:44:58] [main/INFO] - resourcefulconfig: 1.0.20
[01:44:58] [main/INFO] - resourcefullib: 1.1.24
[01:44:58] [main/INFO] - respitecreators: 1.2.0
[01:44:58] [main/INFO] - revelationary: 1.3.5
[01:44:58] [main/INFO] - reverb: 1.0.0
[01:44:58] [main/INFO] - rhino: 1902.2.3-build.284
[01:44:58] [main/INFO] - rightclickharvest: 3.2.3+1.19.x-1.20.1-fabric
[01:44:58] [main/INFO] - ritchiesprojectilelib: 1.0.0-40ef15b+1.19.2-fabric
[01:44:58] [main/INFO] - riverredux: 0.3.0
[01:44:58] [main/INFO] - rootsclassic: 1.2.1-fabric
[01:44:58] [main/INFO] - rottencreatures: 1.0.1
[01:44:58] [main/INFO] - roughly_enough_loot_tables: 1.19-1.0
[01:44:58] [main/INFO] - roughlyenoughitems: 9.1.682
[01:44:58] [main/INFO] - roughlyenoughresources: 2.6.0
[01:44:58] [main/INFO] - roughlysearchable: 2.5.1+1.19.2
[01:44:58] [main/INFO] - runes: 0.9.8+1.19
[01:44:58] [main/INFO] - saeculariacaudices: 1.0.16
[01:44:58] [main/INFO] - serialization_hooks: 0.3.26
[01:44:58] [main/INFO] - server_translations_api: 1.4.18+1.19.2
[01:44:58] [main/INFO] - servercore: 1.3.3-1.19.2
[01:44:58] [main/INFO] - shetiphiancore: 1.3.12
[01:44:58] [main/INFO] - simpleframes: 1.0.8
[01:44:58] [main/INFO] - simplemod: 1.19.2
[01:44:58] [main/INFO] - simplylight: 1.19-1.4.3
[01:44:58] [main/INFO] - skeletonhorsespawn: 3.8
[01:44:58] [main/INFO] - skinlayers3d: 1.6.2
[01:44:58] [main/INFO] - skyvillages: 1.0.3.2-1.19.2-1.20.1
[01:44:58] [main/INFO] - sliceanddice: 2.3.3
[01:44:58] [main/INFO] - smartbrainlib: 1.9
[01:44:58] [main/INFO] - smwyg: 1.0.3
[01:44:58] [main/INFO] - sol_valheim: 1.1.2
[01:44:58] [main/INFO] - soulsweapons: 1.1.3-1.19.2-fabric
[01:44:58] [main/INFO] - spark: 1.10.37
[01:44:58] [main/INFO] - spectral-decorations: 1.2.1
[01:44:58] [main/INFO] - spectrelib: 0.12.8+1.19.2
[01:44:58] [main/INFO] - spectrum: 1.7.11
[01:44:58] [main/INFO] - spectrumjetpacks: 1.0.3-alpha
[01:44:58] [main/INFO] - spell_engine: 0.9.26+1.19
[01:44:58] [main/INFO] - spell_power: 0.9.12+1.19
[01:44:58] [main/INFO] - spellbladenext: 1.19.2-1.0.27.6
[01:44:58] [main/INFO] - spelunkery: 1.19.2-0.2.6
[01:44:58] [main/INFO] - spidersproducewebs: 3.3
[01:44:58] [main/INFO] - spiderstpo: 1.19.2-2.0.3
[01:44:58] [main/INFO] - spirit: 2.2.7
[01:44:58] [main/INFO] - stackdeobfuscator: 1.4.2+bf1fc22
[01:44:58] [main/INFO] - starlight: 1.1.1+fabric.ae22326
[01:44:58] [main/INFO] - static-content: 1.0.1-1.16.2
[01:44:58] [main/INFO] - staticdata: 1.1.2
[01:44:58] [main/INFO] - step-height-entity-attribute: 1.0.0
[01:44:58] [main/INFO] - stoneworks: 4.0.2
[01:44:58] [main/INFO] - strayspawn: 3.5
[01:44:58] [main/INFO] - structory: 1.0.1
[01:44:58] [main/INFO] - structory_towers: 1.0.0
[01:44:58] [main/INFO] - structurized-reborn: 1.19-01
[01:44:58] [main/INFO] - subterrestrial: 2.0.0
[01:44:58] [main/INFO] - supermartijn642configlib: 1.1.8+a
[01:44:58] [main/INFO] - supermartijn642corelib: 1.1.17
[01:44:58] [main/INFO] - supplementaries: 1.19.2-2.4.21
[01:44:58] [main/INFO] - suppsquared: 1.19.2-1.1.2
[01:44:58] [main/INFO] - swampier_swamps: 1.19-1.2.1
[01:44:58] [main/INFO] - t_and_t: 1.10
[01:44:58] [main/INFO] - takesapillage: 1.0.4
[01:44:58] [main/INFO] - team_reborn_energy: 2.3.0
[01:44:58] [main/INFO] - tech_enhanced: 1.0.0
[01:44:58] [main/INFO] - techreborn: 5.4.0
[01:44:58] [main/INFO] - tectonic: 2.2
[01:44:58] [main/INFO] - templates: 2.2.1+1.19.2
[01:44:58] [main/INFO] - terrablender: 2.0.1.166
[01:44:58] [main/INFO] - terraform-biome-remapper-api-v1: 4.1.1
[01:44:58] [main/INFO] - terraform-shapes-api-v1: 4.1.1
[01:44:58] [main/INFO] - terraform-wood-api-v1: 4.2.0
[01:44:58] [main/INFO] - terrarianslimes: 1.3.1-BETA+1.19
[01:44:58] [main/INFO] - the_bumblezone: 6.9.10+1.19.2
[01:44:58] [main/INFO] - theorcs: 1.0-SNAPSHOT
[01:44:58] [main/INFO] - thonkutil: 2.15.4+1.19
[01:44:58] [main/INFO] - thonkutil-base: 1.13.2+4a8c408a57
[01:44:58] [main/INFO] - thonkutil-capes-v1: 1.4.2+3eb2749857
[01:44:58] [main/INFO] - thonkutil-customization-v1: 1.1.2+8ff533c957
[01:44:58] [main/INFO] - thonkutil-legacy: 1.1.2+5d4263f557
[01:44:58] [main/INFO] - thonkutil-modchecker-v1: 1.1.3+bd4b387957
[01:44:58] [main/INFO] - thonkutil-potions-v0: 1.5.2+8ff533c957
[01:44:58] [main/INFO] - thonkutil-trades-v1: 1.2.2+8ff533c957
[01:44:58] [main/INFO] - tiered: 1.2.7
[01:44:58] [main/INFO] - totw_modded: fabric-1.0.3-1.19.2
[01:44:58] [main/INFO] - trainperspectivefix: 1.0.0
[01:44:58] [main/INFO] - trashcans: 1.0.18
[01:44:58] [main/INFO] - travelersbackpack: fabric-1.19.2-8.2.37
[01:44:58] [main/INFO] - travellersbootsreloaded: 2.0.2-fabric
[01:44:58] [main/INFO] - trinkets: 3.4.2
[01:44:58] [main/INFO] - twigs: 3.0.0
[01:44:58] [main/INFO] - underground_bunkers: 1.0.3
[01:44:58] [main/INFO] - uselessreptile: 0.7.4-1.19.2
[01:44:58] [main/INFO] - valkyrienskies: 2.1.2-beta.2-SNAPSHOT+97bf648df1
[01:44:58] [main/INFO] - villagesandpillages: 1.0.0
[01:44:58] [main/INFO] - vitalize: 1.1.1
[01:44:58] [main/INFO] - vmp: 0.2.0+beta.7.30
[01:44:58] [main/INFO] - voicechat: 1.19.2-2.5.9
[01:44:58] [main/INFO] - vs_clockwork: 1.19.2-0.1.16-fabric-1c97c03c94
[01:44:58] [main/INFO] - vs_eureka: 1.5.0-beta.2
[01:44:58] [main/INFO] - warriorrage: 1.19.2-fabric-1.0.3
[01:44:58] [main/INFO] - waveycapes: 1.4.6
[01:44:58] [main/INFO] - wetlands: 1.2
[01:44:58] [main/INFO] - whisperwoods: 1.19-2.1.1
[01:44:58] [main/INFO] - wiredredstone: 0.4.19+1.19.2
[01:44:58] [main/INFO] - wizards: 0.9.17+1.19
[01:44:58] [main/INFO] - wnboi: 0.0.4
[01:44:58] [main/INFO] - yet-another-config-lib: 2.2.0-for-1.19.2
[01:44:58] [main/INFO] - yungsapi: 1.19.2-Fabric-3.8.10
[01:44:58] [main/INFO] - yungsbridges: 1.19.2-Fabric-3.1.0
[01:44:58] [main/INFO] - zombiehorsespawn: 4.8
[01:44:58] [main/INFO] ========================================
[01:44:58] [main/INFO] [REI] Registered plugin provider REIServerIntegration [artis] for REIPlugin
[01:44:58] [main/INFO] [REI] Registered plugin provider NMCommonPlugin [neepmeat] for REIPlugin
[01:44:58] [main/INFO] [REI] Registered plugin provider AdAstraReiCommonPlugin [ad_astra] for REIPlugin
[01:44:58] [main/INFO] [REI] Registered plugin provider AddonReiCommonPlugin [ad_astra_giselle_addon] for REIPlugin
[01:44:58] [main/INFO] [REI] Registered plugin provider CommonREIPlugin [enhancedworkbenches] for REIPlugin
[01:44:58] [main/INFO] [REI] Registered plugin provider ReltServer [roughly_enough_loot_tables] for REIPlugin
[01:44:58] [main/INFO] [REI] Registered plugin provider DefaultPlugin [roughlyenoughitems] for REIPlugin
[01:44:58] [main/INFO] [REI] Registered plugin provider DefaultRuntimePlugin [roughlyenoughitems] for REIPlugin
[01:44:58] [main/INFO] [REI] Registered plugin provider REICommonIntegration [spectrum] for REIPlugin
[01:44:58] [main/INFO] [REI] Registered plugin provider ReiCompat [travelersbackpack] for REIPlugin
[01:44:58] [main/INFO] [REI] Registered plugin provider WiredRedstoneCommonPlugin [wiredredstone] for REIPlugin
[01:44:58] [main/INFO] [REI] Registered plugin provider REIServerIntegration [artis] for REIServerPlugin
[01:44:58] [main/INFO] [REI] Registered plugin provider NMCommonPlugin [neepmeat] for REIServerPlugin
[01:44:58] [main/INFO] [REI] Registered plugin provider AdAstraReiCommonPlugin [ad_astra] for REIServerPlugin
[01:44:58] [main/INFO] [REI] Registered plugin provider AddonReiCommonPlugin [ad_astra_giselle_addon] for REIServerPlugin
[01:44:58] [main/INFO] [REI] Registered plugin provider CommonREIPlugin [enhancedworkbenches] for REIServerPlugin
[01:44:58] [main/INFO] [REI] Registered plugin provider ReltServer [roughly_enough_loot_tables] for REIServerPlugin
[01:44:58] [main/INFO] [REI] Registered plugin provider DefaultPlugin [roughlyenoughitems] for REIServerPlugin
[01:44:58] [main/INFO] [REI] Registered plugin provider DefaultRuntimePlugin [roughlyenoughitems] for REIServerPlugin
[01:44:58] [main/INFO] [REI] Registered plugin provider REICommonIntegration [spectrum] for REIServerPlugin
[01:44:58] [main/INFO] [REI] Registered plugin provider ReiCompat [travelersbackpack] for REIServerPlugin
[01:44:58] [main/INFO] [REI] Registered plugin provider WiredRedstoneCommonPlugin [wiredredstone] for REIServerPlugin
[01:44:58] [main/INFO] [REI] Registered plugin provider FabricFluidAPISupportPlugin for REIServerPlugin
[01:44:58] [main/INFO] [REI] Registered plugin provider FabricFluidAPISupportPlugin for REIPlugin
